<?xml version="1.0" encoding="UTF-8"?>
<testsuite xmlns:xsi="http://www.w3.org/2001/XMLSchema-instance" xsi:noNamespaceSchemaLocation="https://maven.apache.org/surefire/maven-surefire-plugin/xsd/surefire-test-report-3.0.xsd" version="3.0" name="NCSU.CSC495.microservices.task.TaskServiceApplicationTests" time="6.861" tests="1" errors="0" skipped="0" failures="0">
  <properties>
[...]
</properties>
  <testcase name="contextLoads" classname="NCSU.CSC495.microservices.task.TaskServiceApplicationTests" time="0.366">
    <system-out><![CDATA[20:11:47.678 [main] INFO org.springframework.test.context.support.AnnotationConfigContextLoaderUtils -- Could not detect default configuration classes for test class [NCSU.CSC495.microservices.task.TaskServiceApplicationTests]: TaskServiceApplicationTests does not declare any static, non-private, non-final, nested classes annotated with @Configuration.
20:11:47.761 [main] INFO org.springframework.boot.test.context.SpringBootTestContextBootstrapper -- Found @SpringBootConfiguration NCSU.CSC495.microservices.task.TaskServiceApplication for test class NCSU.CSC495.microservices.task.TaskServiceApplicationTests

  .   ____          _            __ _ _
 /\\ / ___'_ __ _ _(_)_ __  __ _ \ \ \ \
( ( )\___ | '_ | '_| | '_ \/ _` | \ \ \ \
 \\/  ___)| |_)| | | | | || (_| |  ) ) ) )
  '  |____| .__|_| |_|_| |_\__, | / / / /
 =========|_|==============|___/=/_/_/_/

 :: Spring Boot ::                (v3.3.4)

2024-11-01T20:11:48.096-04:00  INFO 21068 --- [           main] N.C.m.task.TaskServiceApplicationTests   : Starting TaskServiceApplicationTests using Java 17.0.8.1 with PID 21068 (started by thatm in E:\Documents\CSC 495\taskmaster\task-service)
2024-11-01T20:11:48.097-04:00  INFO 21068 --- [           main] N.C.m.task.TaskServiceApplicationTests   : No active profile set, falling back to 1 default profile: "default"
2024-11-01T20:11:49.071-04:00  INFO 21068 --- [           main] .s.d.r.c.RepositoryConfigurationDelegate : Bootstrapping Spring Data JPA repositories in DEFAULT mode.
2024-11-01T20:11:49.147-04:00  INFO 21068 --- [           main] .s.d.r.c.RepositoryConfigurationDelegate : Finished Spring Data repository scanning in 62 ms. Found 4 JPA repository interfaces.
2024-11-01T20:11:49.974-04:00  INFO 21068 --- [           main] o.hibernate.jpa.internal.util.LogHelper  : HHH000204: Processing PersistenceUnitInfo [name: default]
2024-11-01T20:11:50.079-04:00  INFO 21068 --- [           main] org.hibernate.Version                    : HHH000412: Hibernate ORM core version 6.5.3.Final
2024-11-01T20:11:50.127-04:00  INFO 21068 --- [           main] o.h.c.internal.RegionFactoryInitiator    : HHH000026: Second-level cache disabled
2024-11-01T20:11:50.469-04:00  INFO 21068 --- [           main] o.s.o.j.p.SpringPersistenceUnitInfo      : No LoadTimeWeaver setup: ignoring JPA class transformer
2024-11-01T20:11:50.495-04:00  INFO 21068 --- [           main] com.zaxxer.hikari.HikariDataSource       : HikariPool-1 - Starting...
2024-11-01T20:11:50.669-04:00  INFO 21068 --- [           main] com.zaxxer.hikari.pool.HikariPool        : HikariPool-1 - Added connection conn0: url=jdbc:h2:file:~/taskdb user=SA
2024-11-01T20:11:50.671-04:00  INFO 21068 --- [           main] com.zaxxer.hikari.HikariDataSource       : HikariPool-1 - Start completed.
2024-11-01T20:11:50.690-04:00  WARN 21068 --- [           main] org.hibernate.orm.deprecation            : HHH90000025: H2Dialect does not need to be specified explicitly using 'hibernate.dialect' (remove the property setting and it will be selected by default)
2024-11-01T20:11:51.471-04:00  INFO 21068 --- [           main] o.h.e.t.j.p.i.JtaPlatformInitiator       : HHH000489: No JTA platform available (set 'hibernate.transaction.jta.platform' to enable JTA platform integration)
Hibernate: drop table if exists categories cascade 
Hibernate: drop table if exists categories_tasks cascade 
Hibernate: drop table if exists comments cascade 
Hibernate: drop table if exists reminders cascade 
Hibernate: drop table if exists task_assignees cascade 
Hibernate: drop table if exists tasks cascade 
Hibernate: create table categories (category_id bigint generated by default as identity, name varchar(255) not null, primary key (category_id))
Hibernate: create table categories_tasks (category_category_id bigint not null, tasks_task_id bigint not null unique)
Hibernate: create table comments (comment_id bigint generated by default as identity, task_id bigint not null, timestamp timestamp(6) not null, content varchar(1000) not null, author varchar(255) not null, primary key (comment_id))
Hibernate: create table reminders (reminder_id bigint generated by default as identity, reminder_time timestamp(6) not null, task_id bigint not null, primary key (reminder_id))
Hibernate: create table task_assignees (assignee_id bigint, task_id bigint not null)
Hibernate: create table tasks (due_date timestamp(6) not null, task_id bigint generated by default as identity, description varchar(500) not null, owner_id varchar(255) not null, title varchar(255) not null, priority enum ('HIGH','LOW','MEDIUM') not null, status enum ('COMPLETED','IN_PROGRESS','PENDING') not null, primary key (task_id))
Hibernate: alter table if exists categories_tasks add constraint FKgwtind18evf9pejh484jlmvxd foreign key (tasks_task_id) references tasks
Hibernate: alter table if exists categories_tasks add constraint FK93ds9v03gt3e2hxegrdxi86eh foreign key (category_category_id) references categories
Hibernate: alter table if exists task_assignees add constraint FKs0jy5sv972lpa2wfx95m7xebb foreign key (task_id) references tasks
2024-11-01T20:11:51.516-04:00  INFO 21068 --- [           main] j.LocalContainerEntityManagerFactoryBean : Initialized JPA EntityManagerFactory for persistence unit 'default'
2024-11-01T20:11:52.344-04:00  WARN 21068 --- [           main] JpaBaseConfiguration$JpaWebConfiguration : spring.jpa.open-in-view is enabled by default. Therefore, database queries may be performed during view rendering. Explicitly configure spring.jpa.open-in-view to disable this warning
2024-11-01T20:11:52.395-04:00  WARN 21068 --- [           main] .s.s.UserDetailsServiceAutoConfiguration : 

Using generated security password: e2e132cf-e334-448c-87e8-4d5fbace285d

This generated password is for development use only. Your security configuration must be updated before running your application in production.

2024-11-01T20:11:52.448-04:00  INFO 21068 --- [           main] r$InitializeUserDetailsManagerConfigurer : Global AuthenticationManager configured with UserDetailsService bean with name inMemoryUserDetailsManager
2024-11-01T20:11:53.405-04:00  INFO 21068 --- [           main] o.s.b.a.e.web.EndpointLinksResolver      : Exposing 14 endpoints beneath base path '/actuator'
2024-11-01T20:11:53.935-04:00  INFO 21068 --- [           main] o.s.b.a.h2.H2ConsoleAutoConfiguration    : H2 console available at '/h2-console'. Database available at 'jdbc:h2:file:~/taskdb'
2024-11-01T20:11:54.000-04:00  INFO 21068 --- [           main] N.C.m.task.TaskServiceApplicationTests   : Started TaskServiceApplicationTests in 6.108 seconds (process running for 6.9)
]]></system-out>
  </testcase>
</testsuite>