<?xml version="1.0" encoding="UTF-8"?>
<testsuite xmlns:xsi="http://www.w3.org/2001/XMLSchema-instance" xsi:noNamespaceSchemaLocation="https://maven.apache.org/surefire/maven-surefire-plugin/xsd/surefire-test-report-3.0.xsd" version="3.0" name="NCSU.CSC495.microservices.notification.NotificationserviceApplicationTests" time="3.137" tests="1" errors="0" skipped="0" failures="0">
  <properties>
[...]
</properties>
  <testcase name="contextLoads" classname="NCSU.CSC495.microservices.notification.NotificationserviceApplicationTests" time="0.698">
    <system-out><![CDATA[17:30:43.419 [main] INFO org.springframework.test.context.support.AnnotationConfigContextLoaderUtils -- Could not detect default configuration classes for test class [NCSU.CSC495.microservices.notification.NotificationserviceApplicationTests]: NotificationserviceApplicationTests does not declare any static, non-private, non-final, nested classes annotated with @Configuration.
17:30:43.525 [main] INFO org.springframework.boot.test.context.SpringBootTestContextBootstrapper -- Found @SpringBootConfiguration NCSU.CSC495.microservices.notification.NotificationserviceApplication for test class NCSU.CSC495.microservices.notification.NotificationserviceApplicationTests

  .   ____          _            __ _ _
 /\\ / ___'_ __ _ _(_)_ __  __ _ \ \ \ \
( ( )\___ | '_ | '_| | '_ \/ _` | \ \ \ \
 \\/  ___)| |_)| | | | | || (_| |  ) ) ) )
  '  |____| .__|_| |_|_| |_\__, | / / / /
 =========|_|==============|___/=/_/_/_/

 :: Spring Boot ::                (v3.3.5)

2024-11-01T17:30:43.964-04:00  INFO 44788 --- [notification-service] [           main] .m.n.NotificationserviceApplicationTests : Starting NotificationserviceApplicationTests using Java 17.0.8.1 with PID 44788 (started by thatm in E:\Documents\CSC 495\taskmaster\notification-service)
2024-11-01T17:30:43.965-04:00  INFO 44788 --- [notification-service] [           main] .m.n.NotificationserviceApplicationTests : No active profile set, falling back to 1 default profile: "default"
2024-11-01T17:30:45.066-04:00  WARN 44788 --- [notification-service] [           main] .s.s.UserDetailsServiceAutoConfiguration : 

Using generated security password: 707cc55c-becd-4404-aa72-a33d4e89178d

This generated password is for development use only. Your security configuration must be updated before running your application in production.

2024-11-01T17:30:45.090-04:00  INFO 44788 --- [notification-service] [           main] r$InitializeUserDetailsManagerConfigurer : Global AuthenticationManager configured with UserDetailsService bean with name inMemoryUserDetailsManager
2024-11-01T17:30:45.692-04:00  INFO 44788 --- [notification-service] [           main] .m.n.NotificationserviceApplicationTests : Started NotificationserviceApplicationTests in 2.013 seconds (process running for 2.893)
]]></system-out>
  </testcase>
</testsuite>