<?xml version="1.0" encoding="UTF-8"?>
<testsuite xmlns:xsi="http://www.w3.org/2001/XMLSchema-instance" xsi:noNamespaceSchemaLocation="https://maven.apache.org/surefire/maven-surefire-plugin/xsd/surefire-test-report-3.0.xsd" version="3.0" name="NCSU.CSC495.gateway.GatewayApplicationTests" time="7.188" tests="1" errors="0" skipped="0" failures="0">
  <properties>
[...]
</properties>
  <testcase name="contextLoads" classname="NCSU.CSC495.gateway.GatewayApplicationTests" time="0.899">
    <system-out><![CDATA[17:30:29.156 [main] INFO org.springframework.test.context.support.AnnotationConfigContextLoaderUtils -- Could not detect default configuration classes for test class [NCSU.CSC495.gateway.GatewayApplicationTests]: GatewayApplicationTests does not declare any static, non-private, non-final, nested classes annotated with @Configuration.
17:30:29.235 [main] INFO org.springframework.boot.test.context.SpringBootTestContextBootstrapper -- Found @SpringBootConfiguration NCSU.CSC495.gateway.GatewayApplication for test class NCSU.CSC495.gateway.GatewayApplicationTests

  .   ____          _            __ _ _
 /\\ / ___'_ __ _ _(_)_ __  __ _ \ \ \ \
( ( )\___ | '_ | '_| | '_ \/ _` | \ \ \ \
 \\/  ___)| |_)| | | | | || (_| |  ) ) ) )
  '  |____| .__|_| |_|_| |_\__, | / / / /
 =========|_|==============|___/=/_/_/_/

 :: Spring Boot ::                (v3.3.5)

2024-11-01T17:30:30.681-04:00  INFO 43812 --- [gateway] [           main] N.C.gateway.GatewayApplicationTests      : Starting GatewayApplicationTests using Java 17.0.8.1 with PID 43812 (started by thatm in E:\Documents\CSC 495\taskmaster\gateway)
2024-11-01T17:30:30.682-04:00  INFO 43812 --- [gateway] [           main] N.C.gateway.GatewayApplicationTests      : No active profile set, falling back to 1 default profile: "default"
2024-11-01T17:30:31.688-04:00  INFO 43812 --- [gateway] [           main] o.s.cloud.context.scope.GenericScope     : BeanFactory id=ab008d9e-2c0a-350c-b9f0-e894a1c82105
2024-11-01T17:30:33.268-04:00  INFO 43812 --- [gateway] [           main] o.s.cloud.commons.util.InetUtils         : Cannot determine local hostname
2024-11-01T17:30:33.749-04:00  INFO 43812 --- [gateway] [           main] o.s.c.g.r.RouteDefinitionRouteLocator    : Loaded RoutePredicateFactory [After]
2024-11-01T17:30:33.749-04:00  INFO 43812 --- [gateway] [           main] o.s.c.g.r.RouteDefinitionRouteLocator    : Loaded RoutePredicateFactory [Before]
2024-11-01T17:30:33.749-04:00  INFO 43812 --- [gateway] [           main] o.s.c.g.r.RouteDefinitionRouteLocator    : Loaded RoutePredicateFactory [Between]
2024-11-01T17:30:33.749-04:00  INFO 43812 --- [gateway] [           main] o.s.c.g.r.RouteDefinitionRouteLocator    : Loaded RoutePredicateFactory [Cookie]
2024-11-01T17:30:33.749-04:00  INFO 43812 --- [gateway] [           main] o.s.c.g.r.RouteDefinitionRouteLocator    : Loaded RoutePredicateFactory [Header]
2024-11-01T17:30:33.749-04:00  INFO 43812 --- [gateway] [           main] o.s.c.g.r.RouteDefinitionRouteLocator    : Loaded RoutePredicateFactory [Host]
2024-11-01T17:30:33.749-04:00  INFO 43812 --- [gateway] [           main] o.s.c.g.r.RouteDefinitionRouteLocator    : Loaded RoutePredicateFactory [Method]
2024-11-01T17:30:33.749-04:00  INFO 43812 --- [gateway] [           main] o.s.c.g.r.RouteDefinitionRouteLocator    : Loaded RoutePredicateFactory [Path]
2024-11-01T17:30:33.749-04:00  INFO 43812 --- [gateway] [           main] o.s.c.g.r.RouteDefinitionRouteLocator    : Loaded RoutePredicateFactory [Query]
2024-11-01T17:30:33.749-04:00  INFO 43812 --- [gateway] [           main] o.s.c.g.r.RouteDefinitionRouteLocator    : Loaded RoutePredicateFactory [ReadBody]
2024-11-01T17:30:33.749-04:00  INFO 43812 --- [gateway] [           main] o.s.c.g.r.RouteDefinitionRouteLocator    : Loaded RoutePredicateFactory [RemoteAddr]
2024-11-01T17:30:33.750-04:00  INFO 43812 --- [gateway] [           main] o.s.c.g.r.RouteDefinitionRouteLocator    : Loaded RoutePredicateFactory [XForwardedRemoteAddr]
2024-11-01T17:30:33.750-04:00  INFO 43812 --- [gateway] [           main] o.s.c.g.r.RouteDefinitionRouteLocator    : Loaded RoutePredicateFactory [Weight]
2024-11-01T17:30:33.750-04:00  INFO 43812 --- [gateway] [           main] o.s.c.g.r.RouteDefinitionRouteLocator    : Loaded RoutePredicateFactory [CloudFoundryRouteService]
2024-11-01T17:30:35.225-04:00  INFO 43812 --- [gateway] [           main] o.s.cloud.commons.util.InetUtils         : Cannot determine local hostname
2024-11-01T17:30:35.299-04:00  INFO 43812 --- [gateway] [           main] N.C.gateway.GatewayApplicationTests      : Started GatewayApplicationTests in 5.95 seconds (process running for 6.726)
]]></system-out>
  </testcase>
</testsuite>